\\hillcrest-high.school.nz\users\home\students\year12\13142\my documents\visual studio 2013\projects\sdlgame\sdlgame\debug\vc120.pdb
\\hillcrest-high.school.nz\users\home\students\year12\13142\my documents\visual studio 2013\projects\sdlgame\sdlgame\debug\vc120.idb
\\hillcrest-high.school.nz\users\home\students\year12\13142\my documents\visual studio 2013\projects\sdlgame\sdlgame\debug\main.obj
\\hillcrest-high.school.nz\users\home\students\year12\13142\my documents\visual studio 2013\projects\sdlgame\sdlgame\debug\screen.obj
p:\my documents\visual studio 2013\projects\sdlgame\sdlgame\debug\vc120.idb
p:\my documents\visual studio 2013\projects\sdlgame\sdlgame\debug\screen.obj
p:\my documents\visual studio 2013\projects\sdlgame\sdlgame\debug\vc120.pdb
p:\my documents\visual studio 2013\projects\sdlgame\sdlgame\debug\main.obj
\\hillcrest-high.school.nz\users\home\students\year12\13142\my documents\visual studio 2013\projects\sdlgame\debug\sdlgame.ilk
\\hillcrest-high.school.nz\users\home\students\year12\13142\my documents\visual studio 2013\projects\sdlgame\debug\sdlgame.exe
\\hillcrest-high.school.nz\users\home\students\year12\13142\my documents\visual studio 2013\projects\sdlgame\debug\sdlgame.pdb
p:\my documents\visual studio 2013\projects\sdlgame\debug\sdlgame.ilk
p:\my documents\visual studio 2013\projects\sdlgame\debug\sdlgame.exe
p:\my documents\visual studio 2013\projects\sdlgame\debug\sdlgame.pdb
p:\my documents\visual studio 2013\projects\sdlgame\sdlgame\debug\sdlgame.tlog\cl.command.1.tlog
p:\my documents\visual studio 2013\projects\sdlgame\sdlgame\debug\sdlgame.tlog\cl.read.1.tlog
p:\my documents\visual studio 2013\projects\sdlgame\sdlgame\debug\sdlgame.tlog\cl.write.1.tlog
p:\my documents\visual studio 2013\projects\sdlgame\sdlgame\debug\sdlgame.tlog\link.command.1.tlog
p:\my documents\visual studio 2013\projects\sdlgame\sdlgame\debug\sdlgame.tlog\link.read.1.tlog
p:\my documents\visual studio 2013\projects\sdlgame\sdlgame\debug\sdlgame.tlog\link.write.1.tlog
